TN:
SF:server\src\services\retention.ts
FN:10,deleteClerkUser
FN:29,validateCutoff
FN:40,deleteWhere
FN:67,enforceSafetyEventRetention
FN:76,enforceBannedIdentitiesRetention
FN:90,enforceGraceExpiry
FN:144,reconcilePremiumStaleness
FNF:7
FNH:7
FNDA:1,deleteClerkUser
FNDA:11,validateCutoff
FNDA:7,deleteWhere
FNDA:6,enforceSafetyEventRetention
FNDA:2,enforceBannedIdentitiesRetention
FNDA:3,enforceGraceExpiry
FNDA:2,reconcilePremiumStaleness
DA:1,1
DA:2,1
DA:3,1
DA:4,1
DA:5,1
DA:6,1
DA:10,1
DA:11,1
DA:12,0
DA:13,0
DA:14,0
DA:15,0
DA:16,0
DA:17,0
DA:18,0
DA:19,0
DA:20,0
DA:21,1
DA:24,1
DA:25,1
DA:26,1
DA:27,1
DA:29,11
DA:30,11
DA:31,1
DA:32,1
DA:34,10
DA:35,11
DA:36,0
DA:37,0
DA:38,11
DA:40,7
DA:41,7
DA:42,7
DA:43,7
DA:44,7
DA:45,7
DA:46,7
DA:47,0
DA:48,0
DA:49,7
DA:50,0
DA:51,0
DA:52,7
DA:53,4
DA:54,3
DA:55,3
DA:56,3
DA:57,3
DA:58,7
DA:59,7
DA:60,7
DA:61,7
DA:67,6
DA:68,6
DA:69,6
DA:70,6
DA:71,6
DA:73,6
DA:74,6
DA:76,2
DA:77,2
DA:78,2
DA:79,2
DA:80,2
DA:82,2
DA:83,2
DA:84,2
DA:85,2
DA:86,2
DA:87,2
DA:88,2
DA:90,3
DA:91,3
DA:92,3
DA:93,3
DA:94,3
DA:96,3
DA:97,3
DA:98,3
DA:99,3
DA:100,3
DA:101,3
DA:102,3
DA:103,3
DA:104,3
DA:105,3
DA:107,3
DA:108,2
DA:109,2
DA:110,2
DA:112,1
DA:113,1
DA:115,1
DA:116,1
DA:117,1
DA:118,1
DA:119,1
DA:120,1
DA:121,1
DA:123,1
DA:125,1
DA:126,1
DA:127,1
DA:128,1
DA:129,1
DA:130,1
DA:131,1
DA:133,0
DA:134,0
DA:135,0
DA:136,1
DA:138,1
DA:139,1
DA:140,1
DA:141,1
DA:142,1
DA:144,2
DA:145,2
DA:146,2
DA:147,2
DA:149,2
DA:150,2
DA:151,2
DA:152,2
DA:153,2
DA:154,2
DA:156,2
DA:157,1
DA:158,1
DA:159,1
DA:161,1
DA:162,1
DA:163,1
DA:164,1
DA:165,1
DA:166,1
DA:167,1
DA:168,1
DA:170,1
DA:171,1
DA:172,1
DA:173,1
DA:174,1
LF:144
LH:126
BRDA:10,0,0,1
BRDA:11,1,0,0
BRDA:29,2,0,11
BRDA:30,3,0,1
BRDA:32,4,0,10
BRDA:35,5,0,0
BRDA:40,6,0,7
BRDA:46,7,0,0
BRDA:49,8,0,0
BRDA:52,9,0,4
BRDA:53,10,0,3
BRDA:56,11,0,3
BRDA:58,12,0,0
BRDA:67,13,0,6
BRDA:70,14,0,3
BRDA:70,15,0,2
BRDA:76,16,0,2
BRDA:79,17,0,1
BRDA:79,18,0,1
BRDA:90,19,0,3
BRDA:93,20,0,2
BRDA:93,21,0,1
BRDA:107,22,0,2
BRDA:110,23,0,1
BRDA:131,24,0,0
BRDA:108,25,0,2
BRDA:117,26,0,1
BRDA:144,27,0,2
BRDA:146,28,0,1
BRDA:146,29,0,1
BRDA:156,30,0,1
BRF:31
BRH:25
end_of_record
TN:
SF:server\src\services\auth\auth.service.ts
FN:7,lookupLocalUser
FN:16,upsertUserFromClerk
FN:53,deleteUserByClerkId
FN:59,checkBan
FN:76,autoSuspendIfNeeded
FNF:5
FNH:5
FNDA:2,lookupLocalUser
FNDA:4,upsertUserFromClerk
FNDA:1,deleteUserByClerkId
FNDA:5,checkBan
FNDA:5,autoSuspendIfNeeded
DA:1,1
DA:2,1
DA:3,1
DA:4,1
DA:5,1
DA:7,2
DA:8,2
DA:9,2
DA:10,2
DA:11,2
DA:12,2
DA:13,2
DA:14,2
DA:16,4
DA:22,4
DA:25,4
DA:27,4
DA:28,4
DA:29,4
DA:30,4
DA:31,4
DA:34,4
DA:36,4
DA:37,4
DA:38,4
DA:39,4
DA:40,4
DA:41,4
DA:42,4
DA:43,4
DA:44,4
DA:45,4
DA:46,4
DA:47,4
DA:48,4
DA:49,4
DA:50,4
DA:51,4
DA:53,1
DA:54,1
DA:55,1
DA:56,1
DA:57,1
DA:59,5
DA:60,5
DA:61,5
DA:62,5
DA:65,5
DA:66,5
DA:67,5
DA:68,5
DA:69,5
DA:70,5
DA:71,5
DA:72,5
DA:73,5
DA:74,5
DA:76,5
DA:77,5
DA:78,5
DA:79,5
DA:81,5
DA:82,5
DA:83,5
DA:84,5
DA:85,5
DA:86,5
DA:87,5
DA:88,5
DA:89,5
DA:91,5
DA:92,2
DA:93,2
DA:94,2
DA:95,2
DA:96,2
DA:97,5
DA:98,1
DA:99,1
DA:100,5
LF:80
LH:80
BRDA:7,0,0,2
BRDA:13,1,0,1
BRDA:16,2,0,4
BRDA:25,3,0,2
BRDA:25,4,0,2
BRDA:25,5,0,2
BRDA:34,6,0,2
BRDA:43,7,0,2
BRDA:53,8,0,1
BRDA:59,9,0,5
BRDA:66,10,0,1
BRDA:66,11,0,1
BRDA:67,12,0,1
BRDA:67,13,0,1
BRDA:76,14,0,5
BRDA:89,15,0,4
BRDA:91,16,0,2
BRDA:97,17,0,1
BRF:18
BRH:18
end_of_record
TN:
SF:server\src\services\auth\clerk.middleware.ts
FN:15,mapClerkError
FN:33,getVerifyOptions
FN:37,tryDevToken
FN:48,requireAuth
FN:95,optionalAuth
FN:120,extractBearer
FN:126,verifyWebSocketAuth
FNF:7
FNH:0
FNDA:0,mapClerkError
FNDA:0,getVerifyOptions
FNDA:0,tryDevToken
FNDA:0,requireAuth
FNDA:0,optionalAuth
FNDA:0,extractBearer
FNDA:0,verifyWebSocketAuth
DA:2,1
DA:3,1
DA:4,1
DA:5,1
DA:6,1
DA:7,1
DA:8,1
DA:15,0
DA:16,0
DA:17,0
DA:18,0
DA:19,0
DA:20,0
DA:21,0
DA:22,0
DA:23,0
DA:24,0
DA:25,0
DA:26,0
DA:27,0
DA:28,0
DA:29,0
DA:30,0
DA:31,0
DA:33,0
DA:34,0
DA:35,0
DA:37,0
DA:38,0
DA:39,0
DA:40,0
DA:41,0
DA:42,0
DA:43,0
DA:44,0
DA:45,0
DA:46,0
DA:48,0
DA:49,0
DA:50,0
DA:51,0
DA:52,0
DA:53,0
DA:55,0
DA:56,0
DA:58,0
DA:59,0
DA:60,0
DA:61,0
DA:62,0
DA:63,0
DA:64,0
DA:66,0
DA:68,0
DA:69,0
DA:70,0
DA:71,0
DA:73,0
DA:75,0
DA:76,0
DA:77,0
DA:78,0
DA:79,0
DA:81,0
DA:82,0
DA:83,0
DA:84,0
DA:86,0
DA:87,0
DA:88,0
DA:89,0
DA:90,0
DA:91,0
DA:92,0
DA:93,0
DA:95,0
DA:96,0
DA:97,0
DA:98,0
DA:99,0
DA:100,0
DA:102,0
DA:103,0
DA:104,0
DA:106,0
DA:107,0
DA:108,0
DA:109,0
DA:110,0
DA:111,0
DA:112,0
DA:113,0
DA:115,0
DA:117,0
DA:118,0
DA:120,1
DA:121,0
DA:122,0
DA:123,0
DA:126,0
DA:127,0
DA:128,0
DA:129,0
DA:130,0
DA:131,0
DA:132,0
DA:133,0
DA:134,0
DA:135,0
DA:136,0
LF:110
LH:8
BRF:0
BRH:0
end_of_record
TN:
SF:server\src\services\chat\break-reminder.ts
FN:9,shouldShowBreakReminder
FNF:1
FNH:1
FNDA:5,shouldShowBreakReminder
DA:1,1
DA:2,1
DA:9,1
DA:10,5
DA:11,5
DA:12,5
DA:13,5
DA:14,5
DA:15,5
DA:17,5
DA:18,2
DA:19,2
DA:20,1
DA:21,1
DA:22,1
DA:23,1
DA:25,5
DA:26,1
DA:27,1
DA:28,5
DA:29,1
DA:30,1
DA:32,1
DA:33,1
LF:24
LH:24
BRDA:9,0,0,5
BRDA:15,1,0,2
BRDA:15,2,0,3
BRDA:17,3,0,2
BRDA:19,4,0,1
BRDA:23,5,0,3
BRDA:25,6,0,1
BRDA:25,7,0,1
BRDA:25,8,0,1
BRDA:27,9,0,2
BRDA:28,10,0,1
BRF:11
BRH:11
end_of_record
TN:
SF:server\src\services\chat\chat-session.ts
FN:68,ChatSession
FN:72,abort
FN:76,run
FNF:3
FNH:3
FNDA:24,ChatSession
FNDA:3,abort
FNDA:22,run
DA:1,1
DA:2,1
DA:3,1
DA:6,1
DA:7,1
DA:8,1
DA:9,1
DA:10,1
DA:11,1
DA:12,1
DA:13,1
DA:14,1
DA:15,1
DA:16,1
DA:17,1
DA:18,1
DA:19,1
DA:20,1
DA:21,1
DA:22,1
DA:23,1
DA:24,1
DA:64,1
DA:65,1
DA:66,1
DA:68,1
DA:69,24
DA:70,24
DA:72,1
DA:73,3
DA:74,3
DA:76,1
DA:77,22
DA:78,22
DA:79,22
DA:81,22
DA:83,22
DA:84,2
DA:85,2
DA:86,1
DA:87,1
DA:88,1
DA:89,2
DA:91,21
DA:94,19
DA:95,22
DA:96,1
DA:97,1
DA:98,1
DA:99,1
DA:100,1
DA:101,22
DA:102,1
DA:103,1
DA:104,1
DA:105,1
DA:106,1
DA:107,1
DA:108,1
DA:110,16
DA:113,16
DA:114,16
DA:115,22
DA:117,16
DA:118,22
DA:119,2
DA:120,2
DA:121,2
DA:122,2
DA:123,2
DA:125,14
DA:128,14
DA:131,14
DA:132,14
DA:133,14
DA:134,14
DA:135,14
DA:136,14
DA:137,14
DA:138,14
DA:139,14
DA:141,22
DA:142,0
DA:143,0
DA:144,0
DA:146,14
DA:147,70
DA:148,70
DA:149,14
DA:150,22
DA:151,22
DA:152,22
DA:153,22
DA:154,22
DA:155,22
DA:156,22
DA:157,22
DA:158,22
DA:160,22
DA:163,14
DA:164,14
DA:165,14
DA:166,14
DA:167,22
DA:168,22
DA:169,1
DA:170,1
DA:171,1
DA:173,22
DA:175,22
DA:178,13
DA:179,13
DA:181,13
DA:182,22
DA:183,1
DA:184,1
DA:185,1
DA:186,1
DA:187,1
DA:189,22
DA:190,2
DA:191,2
DA:192,2
DA:193,2
DA:194,1
DA:195,1
DA:196,1
DA:197,2
DA:200,11
DA:201,11
DA:202,22
DA:203,1
DA:204,1
DA:205,1
DA:206,22
DA:208,22
DA:211,11
DA:212,11
DA:215,22
DA:216,10
DA:217,10
DA:219,11
DA:220,11
DA:221,0
DA:222,22
DA:224,22
DA:225,22
DA:226,22
DA:227,22
DA:228,22
DA:229,22
DA:230,22
DA:232,22
DA:233,1
DA:234,1
DA:235,1
DA:236,1
DA:237,1
DA:238,22
DA:240,1
LF:160
LH:156
BRDA:68,0,0,24
BRDA:69,1,0,1
BRDA:72,2,0,3
BRDA:76,3,0,22
BRDA:83,4,0,2
BRDA:85,5,0,1
BRDA:89,6,0,21
BRDA:91,7,0,2
BRDA:91,8,0,19
BRDA:95,9,0,1
BRDA:98,10,0,0
BRDA:100,11,0,17
BRDA:101,12,0,1
BRDA:108,13,0,16
BRDA:110,14,0,0
BRDA:110,15,0,16
BRDA:115,16,0,0
BRDA:115,17,0,16
BRDA:118,18,0,2
BRDA:123,19,0,14
BRDA:125,20,0,0
BRDA:125,21,0,14
BRDA:141,22,0,0
BRDA:144,23,0,14
BRDA:150,24,0,13
BRDA:150,25,0,1
BRDA:153,26,0,0
BRDA:155,27,0,1
BRDA:160,28,0,0
BRDA:160,29,0,14
BRDA:166,30,0,13
BRDA:167,31,0,1
BRDA:168,32,0,1
BRDA:171,33,0,14
BRDA:173,34,0,13
BRDA:175,35,0,1
BRDA:175,36,0,13
BRDA:182,37,0,1
BRDA:187,38,0,12
BRDA:189,39,0,2
BRDA:189,40,0,2
BRDA:191,41,0,0
BRDA:193,42,0,1
BRDA:197,43,0,11
BRDA:202,44,0,1
BRDA:205,45,0,11
BRDA:206,46,0,1
BRDA:206,47,0,10
BRDA:208,48,0,0
BRDA:208,49,0,11
BRDA:215,50,0,10
BRDA:217,51,0,11
BRDA:220,52,0,0
BRDA:229,53,0,1
BRDA:229,54,0,10
BRDA:232,55,0,1
BRDA:236,56,0,0
BRDA:117,57,0,1
BRDA:128,58,0,1
BRDA:146,59,0,70
BRDA:150,60,0,13
BRDA:166,61,0,14
BRDA:179,62,0,3
BRDA:181,63,0,3
BRF:64
BRH:53
end_of_record
TN:
SF:server\src\services\chat\free-tier.ts
FN:12,checkFreeTierLimit
FNF:1
FNH:1
FNDA:4,checkFreeTierLimit
DA:1,1
DA:2,1
DA:3,1
DA:4,1
DA:12,4
DA:13,4
DA:14,4
DA:15,4
DA:16,4
DA:17,4
DA:18,4
DA:19,4
DA:20,4
DA:21,4
DA:22,4
DA:23,4
DA:24,4
DA:25,4
LF:18
LH:18
BRDA:12,0,0,4
BRDA:23,1,0,0
BRF:2
BRH:1
end_of_record
TN:
SF:server\src\services\chat\index.ts
FNF:0
FNH:0
DA:1,1
DA:3,1
DA:4,1
DA:5,1
LF:4
LH:4
BRF:0
BRH:0
end_of_record
TN:
SF:server\src\services\chat\persistence.ts
FN:4,persistMessages
FNF:1
FNH:1
FNDA:14,persistMessages
DA:1,1
DA:2,1
DA:4,14
DA:5,14
DA:6,14
DA:7,14
DA:8,14
DA:9,14
DA:10,14
DA:11,14
DA:12,14
DA:13,10
DA:14,10
DA:15,10
DA:16,10
DA:17,10
DA:18,10
DA:19,10
DA:20,10
DA:21,10
DA:22,10
DA:23,10
DA:24,10
DA:25,10
DA:26,10
DA:27,14
DA:28,14
LF:27
LH:27
BRDA:4,0,0,14
BRDA:12,1,0,10
BRDA:23,2,0,7
BRF:3
BRH:3
end_of_record
TN:
SF:server\src\services\chat\prompt-assembler.ts
FN:7,generateTag
FN:65,assemblePrompt
FN:123,estimateTokens
FN:127,trimToFit
FNF:4
FNH:4
FNDA:15,generateTag
FNDA:15,assemblePrompt
FNDA:32,estimateTokens
FNDA:15,trimToFit
DA:1,1
DA:3,1
DA:5,1
DA:7,15
DA:8,15
DA:9,15
DA:11,1
DA:12,1
DA:13,1
DA:14,1
DA:15,1
DA:17,1
DA:18,1
DA:19,1
DA:20,1
DA:21,1
DA:22,1
DA:23,1
DA:24,1
DA:25,1
DA:26,1
DA:27,1
DA:28,1
DA:29,1
DA:30,1
DA:31,1
DA:32,1
DA:33,1
DA:35,1
DA:36,1
DA:38,1
DA:39,1
DA:41,1
DA:42,1
DA:44,1
DA:45,1
DA:47,1
DA:48,1
DA:65,1
DA:66,15
DA:67,15
DA:69,15
DA:70,15
DA:71,15
DA:72,15
DA:74,15
DA:75,15
DA:76,15
DA:77,15
DA:78,15
DA:79,15
DA:80,15
DA:82,15
DA:84,15
DA:85,15
DA:86,1
DA:87,1
DA:89,15
DA:90,15
DA:91,15
DA:93,15
DA:94,15
DA:95,15
DA:96,15
DA:97,15
DA:98,15
DA:99,15
DA:100,15
DA:101,15
DA:102,15
DA:103,15
DA:104,15
DA:105,15
DA:107,15
DA:108,15
DA:109,15
DA:110,15
DA:111,15
DA:112,15
DA:113,15
DA:114,15
DA:116,15
DA:117,15
DA:119,1
DA:121,1
DA:123,32
DA:124,32
DA:125,32
DA:127,15
DA:128,15
DA:129,15
DA:130,15
DA:131,15
DA:132,15
DA:133,15
DA:134,15
DA:135,15
DA:136,15
DA:138,15
DA:139,15
DA:141,15
DA:142,15
DA:143,15
DA:145,15
DA:146,15
DA:147,2
DA:148,2
DA:149,2
DA:150,0
DA:151,0
DA:153,15
DA:154,2
DA:155,13
DA:157,15
DA:158,15
DA:159,15
DA:160,15
DA:161,15
DA:162,15
DA:163,15
LF:120
LH:118
BRDA:7,0,0,15
BRDA:65,1,0,15
BRDA:69,2,0,0
BRDA:70,3,0,0
BRDA:71,4,0,0
BRDA:72,5,0,0
BRDA:85,6,0,1
BRDA:85,7,0,1
BRDA:123,8,0,32
BRDA:127,9,0,15
BRDA:146,10,0,2
BRDA:149,11,0,0
BRDA:153,12,0,2
BRDA:154,13,0,13
BRDA:159,14,0,2
BRDA:159,15,0,13
BRDA:147,16,0,10
BRDA:154,17,0,10
BRF:18
BRH:13
end_of_record
TN:
SF:server\src\services\chat\safety-logging.ts
FN:11,logSafetyEvent
FNF:1
FNH:1
FNDA:7,logSafetyEvent
DA:1,1
DA:2,1
DA:3,1
DA:4,1
DA:11,7
DA:12,7
DA:13,7
DA:14,7
DA:15,7
DA:16,7
DA:17,7
DA:18,7
DA:19,7
DA:20,7
DA:21,7
DA:22,7
DA:23,7
DA:24,7
DA:25,5
DA:26,5
DA:27,7
DA:28,2
DA:29,2
DA:30,2
DA:31,2
DA:32,7
LF:26
LH:26
BRDA:11,0,0,7
BRDA:21,1,0,4
BRDA:22,2,0,2
BRDA:24,3,0,5
BRDA:27,4,0,2
BRF:5
BRH:5
end_of_record
TN:
SF:server\src\services\chat\text-adapter.ts
FN:5,makeTextAdapter
FN:7,onToken
FN:10,onAbort
FN:13,onComplete
FNF:4
FNH:4
FNDA:5,makeTextAdapter
FNDA:1,onToken
FNDA:2,onAbort
FNDA:2,onComplete
DA:2,1
DA:5,1
DA:6,5
DA:7,5
DA:8,1
DA:9,1
DA:10,5
DA:11,2
DA:12,2
DA:13,5
DA:14,2
DA:15,2
DA:16,2
DA:17,2
DA:18,2
DA:19,2
DA:20,2
DA:21,2
DA:22,2
DA:23,2
DA:24,2
DA:25,5
DA:26,5
LF:23
LH:23
BRDA:5,0,0,5
BRDA:7,1,0,1
BRDA:10,2,0,2
BRDA:13,3,0,2
BRDA:20,4,0,1
BRDA:21,5,0,1
BRF:6
BRH:6
end_of_record
TN:
SF:server\src\services\chat\turn-pipeline.ts
FN:40,sendReplyPush
FN:68,executeTurn
FN:207,fetchExistingTurn
FN:230,processTurn
FNF:4
FNH:4
FNDA:1,sendReplyPush
FNDA:12,executeTurn
FNDA:12,fetchExistingTurn
FNDA:10,processTurn
DA:1,1
DA:2,1
DA:3,1
DA:4,1
DA:6,1
DA:7,1
DA:8,1
DA:9,1
DA:10,1
DA:11,1
DA:12,1
DA:13,1
DA:14,1
DA:15,1
DA:16,1
DA:40,1
DA:41,1
DA:42,1
DA:43,1
DA:44,1
DA:45,1
DA:47,1
DA:49,0
DA:50,0
DA:51,0
DA:52,0
DA:53,0
DA:54,0
DA:55,0
DA:56,0
DA:57,0
DA:58,0
DA:59,0
DA:60,1
DA:62,1
DA:68,12
DA:69,12
DA:70,12
DA:71,12
DA:72,12
DA:73,12
DA:76,12
DA:77,12
DA:78,12
DA:79,12
DA:80,12
DA:81,12
DA:83,12
DA:84,12
DA:85,12
DA:86,0
DA:87,0
DA:88,0
DA:89,0
DA:90,0
DA:91,0
DA:92,12
DA:94,12
DA:96,12
DA:97,12
DA:98,12
DA:99,12
DA:100,12
DA:101,12
DA:104,12
DA:105,12
DA:107,12
DA:108,1
DA:109,1
DA:110,1
DA:111,1
DA:113,12
DA:114,2
DA:115,2
DA:116,2
DA:118,2
DA:119,2
DA:120,2
DA:123,9
DA:125,9
DA:126,9
DA:127,9
DA:128,9
DA:129,9
DA:130,9
DA:131,9
DA:132,9
DA:133,9
DA:135,9
DA:136,12
DA:138,12
DA:139,12
DA:141,12
DA:142,12
DA:143,12
DA:144,12
DA:145,12
DA:146,12
DA:147,12
DA:148,12
DA:150,12
DA:151,12
DA:152,12
DA:153,12
DA:154,12
DA:155,12
DA:156,12
DA:157,12
DA:158,12
DA:159,0
DA:160,0
DA:161,0
DA:163,9
DA:164,9
DA:165,12
DA:166,1
DA:167,1
DA:168,1
DA:169,12
DA:170,12
DA:173,12
DA:176,8
DA:178,4
DA:179,4
DA:181,5
DA:182,5
DA:183,5
DA:184,1
DA:185,1
DA:186,1
DA:187,5
DA:188,0
DA:189,0
DA:190,5
DA:192,5
DA:193,5
DA:194,0
DA:195,12
DA:197,12
DA:198,12
DA:199,12
DA:200,12
DA:201,12
DA:202,12
DA:207,12
DA:208,12
DA:209,12
DA:210,12
DA:211,12
DA:212,12
DA:213,12
DA:214,12
DA:215,12
DA:216,12
DA:217,12
DA:218,12
DA:219,12
DA:220,12
DA:222,12
DA:223,1
DA:224,5
DA:225,12
DA:226,12
DA:227,12
DA:228,12
DA:230,10
DA:231,10
DA:233,10
DA:234,0
DA:235,0
DA:237,10
DA:238,0
DA:239,0
DA:240,0
DA:241,0
DA:242,0
DA:245,10
DA:246,10
DA:247,10
DA:248,10
DA:250,10
DA:252,10
DA:253,12
DA:254,12
DA:255,12
DA:256,4
DA:257,4
DA:258,4
DA:260,4
DA:264,4
DA:265,2
DA:266,2
DA:267,2
DA:269,4
DA:270,3
DA:271,3
DA:272,3
DA:273,3
DA:274,1
DA:275,1
DA:276,12
DA:278,0
DA:279,0
LF:203
LH:171
BRDA:40,0,0,1
BRDA:47,1,0,0
BRDA:68,2,0,12
BRDA:81,3,0,0
BRDA:85,4,0,0
BRDA:94,5,0,0
BRDA:101,6,0,0
BRDA:107,7,0,1
BRDA:110,8,0,0
BRDA:111,9,0,11
BRDA:113,10,0,2
BRDA:120,11,0,9
BRDA:136,12,0,0
BRDA:136,13,0,9
BRDA:139,14,0,0
BRDA:145,15,0,9
BRDA:156,16,0,9
BRDA:157,17,0,0
BRDA:158,18,0,0
BRDA:161,19,0,9
BRDA:165,20,0,1
BRDA:168,21,0,9
BRDA:169,22,0,1
BRDA:169,23,0,0
BRDA:169,24,0,8
BRDA:173,25,0,8
BRDA:173,26,0,5
BRDA:176,27,0,4
BRDA:179,28,0,5
BRDA:193,29,0,0
BRDA:200,30,0,0
BRDA:200,31,0,5
BRDA:155,32,0,9
BRDA:181,33,0,5
BRDA:183,34,0,1
BRDA:187,35,0,0
BRDA:207,36,0,12
BRDA:222,37,0,11
BRDA:222,38,0,5
BRDA:222,39,0,1
BRDA:224,40,0,0
BRDA:225,41,0,0
BRDA:224,42,0,1
BRDA:225,43,0,2
BRDA:230,44,0,10
BRDA:233,45,0,0
BRDA:237,46,0,0
BRDA:247,47,0,1
BRDA:248,48,0,9
BRDA:250,49,0,0
BRDA:252,50,0,12
BRDA:255,51,0,4
BRDA:258,52,0,0
BRDA:258,53,0,0
BRDA:260,54,0,0
BRDA:264,55,0,2
BRDA:266,56,0,0
BRDA:269,57,0,3
BRDA:273,58,0,1
BRDA:276,59,0,0
BRF:60
BRH:36
end_of_record
TN:
SF:server\src\services\chat\turn-queue.ts
FN:11,enqueueTurn
FN:16,enqueueTts
FN:20,turnQueueSize
FN:24,ttsQueueSize
FNF:4
FNH:4
FNDA:3,enqueueTurn
FNDA:2,enqueueTts
FNDA:2,turnQueueSize
FNDA:2,ttsQueueSize
DA:1,1
DA:2,1
DA:5,1
DA:6,1
DA:8,1
DA:9,1
DA:11,1
DA:12,3
DA:13,3
DA:14,3
DA:16,1
DA:17,2
DA:18,2
DA:20,1
DA:21,2
DA:22,2
DA:24,1
DA:25,2
DA:26,2
LF:19
LH:19
BRDA:11,0,0,3
BRDA:12,1,0,2
BRDA:12,2,0,1
BRDA:16,3,0,2
BRDA:20,4,0,2
BRDA:24,5,0,2
BRF:6
BRH:6
end_of_record
TN:
SF:server\src\services\llm\anthropic.ts
FN:6,createAnthropicProvider
FN:8,generateReply
FNF:2
FNH:2
FNDA:6,createAnthropicProvider
FNDA:4,generateReply
DA:3,1
DA:4,1
DA:6,1
DA:7,6
DA:8,6
DA:9,4
DA:10,4
DA:11,4
DA:12,4
DA:13,4
DA:14,4
DA:15,4
DA:16,4
DA:17,4
DA:18,4
DA:19,4
DA:20,4
DA:21,4
DA:22,4
DA:23,4
DA:24,4
DA:26,4
DA:27,1
DA:28,1
DA:29,1
DA:31,3
DA:35,4
DA:36,4
DA:37,4
DA:38,6
DA:39,6
LF:31
LH:31
BRDA:6,0,0,6
BRDA:8,1,0,4
BRDA:26,2,0,1
BRDA:29,3,0,3
BRDA:35,4,0,2
BRDA:35,5,0,1
BRDA:19,6,0,4
BRDA:35,7,0,3
BRF:8
BRH:8
end_of_record
TN:
SF:server\src\services\llm\groq.ts
FN:10,maxTokensForModel
FN:14,createGroqProvider
FN:19,generateReply
FNF:3
FNH:2
FNDA:0,maxTokensForModel
FNDA:6,createGroqProvider
FNDA:5,generateReply
DA:1,1
DA:2,1
DA:5,1
DA:6,1
DA:8,1
DA:10,0
DA:11,0
DA:12,0
DA:14,1
DA:15,6
DA:16,6
DA:18,6
DA:19,6
DA:20,5
DA:21,5
DA:22,5
DA:23,5
DA:25,5
DA:26,5
DA:27,5
DA:28,5
DA:29,5
DA:30,5
DA:31,5
DA:32,5
DA:33,5
DA:35,5
DA:39,5
DA:40,3
DA:41,5
DA:42,6
DA:43,6
LF:32
LH:29
BRDA:14,0,0,6
BRDA:15,1,0,4
BRDA:15,2,0,3
BRDA:19,3,0,5
BRDA:21,4,0,2
BRDA:21,5,0,3
BRDA:35,6,0,4
BRDA:35,7,0,1
BRDA:39,8,0,3
BRDA:39,9,0,2
BRDA:22,10,0,5
BRDA:29,11,0,5
BRF:12
BRH:12
end_of_record
TN:
SF:server\src\services\llm\index.ts
FN:10,setLLMProvider
FN:14,getLLMProvider
FNF:2
FNH:2
FNDA:1,setLLMProvider
FNDA:2,getLLMProvider
DA:8,1
DA:10,1
DA:11,1
DA:12,1
DA:14,1
DA:15,2
DA:16,1
DA:17,1
LF:8
LH:8
BRDA:10,0,0,1
BRDA:14,1,0,2
BRDA:15,2,0,1
BRF:3
BRH:3
end_of_record
TN:
SF:server\src\services\llm\model-selector.ts
FN:17,setModelOverride
FN:22,resetModelOverrides
FN:26,defaultModelForTask
FN:35,fallbackModelForTask
FN:44,getModelForTask
FN:48,getFallbackForTask
FN:52,createTaskSpecificProvider
FN:82,generateReply
FNF:8
FNH:8
FNDA:2,setModelOverride
FNDA:2,resetModelOverrides
FNDA:11,defaultModelForTask
FNDA:8,fallbackModelForTask
FNDA:12,getModelForTask
FNDA:8,getFallbackForTask
FNDA:6,createTaskSpecificProvider
FNDA:6,generateReply
DA:2,1
DA:3,1
DA:4,1
DA:5,1
DA:6,1
DA:7,1
DA:15,1
DA:17,1
DA:18,2
DA:19,2
DA:20,2
DA:22,1
DA:23,2
DA:24,2
DA:26,11
DA:27,11
DA:28,11
DA:29,11
DA:30,11
DA:31,11
DA:32,11
DA:33,11
DA:35,8
DA:36,8
DA:37,8
DA:38,8
DA:39,8
DA:40,8
DA:41,8
DA:42,8
DA:44,1
DA:45,12
DA:46,12
DA:48,1
DA:49,8
DA:50,8
DA:52,1
DA:53,6
DA:54,6
DA:56,6
DA:57,6
DA:58,6
DA:59,6
DA:61,6
DA:62,6
DA:64,6
DA:65,1
DA:66,1
DA:67,6
DA:68,1
DA:69,1
DA:70,5
DA:71,1
DA:72,1
DA:73,4
DA:74,3
DA:75,3
DA:76,3
DA:78,6
DA:79,6
DA:81,6
DA:82,6
DA:83,6
DA:84,6
DA:85,6
DA:86,2
DA:87,2
DA:88,2
DA:89,2
DA:90,1
DA:91,1
DA:92,1
DA:93,2
DA:94,6
DA:95,6
DA:96,6
LF:76
LH:76
BRDA:17,0,0,2
BRDA:22,1,0,2
BRDA:26,2,0,11
BRDA:28,3,0,8
BRDA:29,4,0,1
BRDA:30,5,0,1
BRDA:31,6,0,1
BRDA:35,7,0,8
BRDA:37,8,0,7
BRDA:38,9,0,0
BRDA:39,10,0,0
BRDA:40,11,0,1
BRDA:44,12,0,12
BRDA:45,13,0,11
BRDA:48,14,0,8
BRDA:52,15,0,6
BRDA:58,16,0,5
BRDA:59,17,0,5
BRDA:59,18,0,4
BRDA:64,19,0,1
BRDA:67,20,0,5
BRDA:67,21,0,1
BRDA:70,22,0,4
BRDA:70,23,0,1
BRDA:73,24,0,3
BRDA:82,25,0,6
BRDA:85,26,0,2
BRDA:89,27,0,1
BRF:28
BRH:26
end_of_record
TN:
SF:server\src\services\llm\nvidia.ts
FN:7,createNvidiaProvider
FN:11,generateReply
FNF:2
FNH:2
FNDA:9,createNvidiaProvider
FNDA:8,generateReply
DA:1,1
DA:4,1
DA:5,1
DA:7,1
DA:8,9
DA:10,9
DA:11,9
DA:12,8
DA:13,8
DA:14,8
DA:15,8
DA:17,8
DA:18,8
DA:19,8
DA:20,8
DA:21,8
DA:22,8
DA:24,8
DA:25,8
DA:26,8
DA:27,9
DA:28,9
LF:22
LH:22
BRDA:7,0,0,9
BRDA:11,1,0,8
BRDA:13,2,0,2
BRDA:13,3,0,6
BRDA:22,4,0,5
BRDA:24,5,0,4
BRDA:24,6,0,1
BRDA:14,7,0,8
BRF:8
BRH:8
end_of_record
TN:
SF:server\src\services\llm\openrouter.ts
FN:7,createOpenRouterProvider
FN:11,generateReply
FNF:2
FNH:2
FNDA:4,createOpenRouterProvider
FNDA:3,generateReply
DA:1,1
DA:4,1
DA:5,1
DA:7,1
DA:8,4
DA:10,4
DA:11,4
DA:12,3
DA:13,3
DA:14,3
DA:15,3
DA:17,3
DA:18,3
DA:19,3
DA:20,3
DA:21,3
DA:22,3
DA:24,3
DA:25,3
DA:26,3
DA:27,4
DA:28,4
LF:22
LH:22
BRDA:7,0,0,4
BRDA:11,1,0,3
BRDA:13,2,0,1
BRDA:13,3,0,2
BRDA:24,4,0,2
BRDA:24,5,0,1
BRDA:14,6,0,3
BRF:7
BRH:7
end_of_record
TN:
SF:server\src\services\memory\consolidation-prompt.ts
FNF:0
FNH:0
DA:8,1
DA:11,1
DA:13,1
DA:28,1
LF:4
LH:4
BRF:0
BRH:0
end_of_record
TN:
SF:server\src\services\memory\consolidation.ts
FN:24,consolidateMemory
FNF:1
FNH:1
FNDA:5,consolidateMemory
DA:1,1
DA:2,1
DA:3,1
DA:4,1
DA:5,1
DA:6,1
DA:7,1
DA:8,1
DA:21,1
DA:22,1
DA:24,5
DA:25,5
DA:26,5
DA:27,5
DA:28,5
DA:29,5
DA:32,5
DA:35,5
DA:36,2
DA:37,2
DA:38,2
DA:39,2
DA:40,2
DA:41,2
DA:43,3
DA:44,3
DA:45,3
DA:46,3
DA:47,3
DA:48,3
DA:50,3
DA:51,3
DA:52,3
DA:53,0
DA:57,5
DA:58,5
DA:59,5
DA:60,5
DA:62,3
DA:63,3
DA:64,3
DA:65,3
DA:66,5
DA:67,1
DA:68,1
DA:69,1
DA:70,1
DA:71,0
DA:72,1
DA:74,3
DA:75,3
DA:76,2
DA:77,2
DA:78,2
DA:79,2
DA:80,2
DA:81,2
DA:82,2
DA:83,2
DA:84,3
DA:87,0
DA:88,0
DA:89,0
DA:90,0
DA:91,0
DA:92,0
DA:93,0
DA:94,0
DA:95,0
DA:96,0
DA:97,0
DA:98,0
DA:99,0
DA:100,0
DA:101,3
DA:103,3
DA:104,3
DA:105,3
DA:107,3
DA:111,3
DA:112,3
DA:113,2
DA:114,2
DA:115,2
DA:116,0
DA:117,0
DA:118,2
DA:119,5
DA:120,0
DA:121,0
DA:122,0
DA:124,0
DA:125,0
DA:126,0
DA:127,0
DA:128,0
DA:129,0
DA:130,0
DA:131,0
DA:132,0
DA:133,0
DA:134,5
LF:102
LH:71
BRDA:24,0,0,5
BRDA:32,1,0,1
BRDA:32,2,0,0
BRDA:35,3,0,2
BRDA:41,4,0,3
BRDA:52,5,0,0
BRDA:60,6,0,3
BRDA:65,7,0,0
BRDA:66,8,0,3
BRDA:66,9,0,1
BRDA:70,10,0,0
BRDA:75,11,0,2
BRDA:80,12,0,0
BRDA:84,13,0,1
BRDA:84,14,0,0
BRDA:84,15,0,0
BRDA:112,16,0,2
BRDA:115,17,0,0
BRDA:119,18,0,0
BRDA:52,19,0,3
BRDA:111,20,0,3
BRDA:111,21,0,1
BRF:22
BRH:13
end_of_record
TN:
SF:server\src\services\memory\keywords.ts
FN:16,tokenize
FN:28,extractKeywords
FN:32,jaccardSimilarity
FNF:3
FNH:3
FNDA:19,tokenize
FNDA:19,extractKeywords
FNDA:10,jaccardSimilarity
DA:1,1
DA:2,1
DA:3,1
DA:4,1
DA:5,1
DA:6,1
DA:7,1
DA:8,1
DA:9,1
DA:10,1
DA:11,1
DA:12,1
DA:13,1
DA:14,1
DA:16,19
DA:17,19
DA:18,19
DA:19,19
DA:20,76
DA:21,76
DA:22,42
DA:23,42
DA:24,76
DA:25,19
DA:26,19
DA:28,1
DA:29,19
DA:30,19
DA:32,1
DA:33,10
DA:34,10
DA:35,17
DA:36,17
DA:37,10
DA:38,10
DA:39,10
LF:36
LH:36
BRDA:16,0,0,19
BRDA:19,1,0,76
BRDA:21,2,0,51
BRDA:21,3,0,42
BRDA:28,4,0,19
BRDA:32,5,0,10
BRDA:34,6,0,17
BRDA:35,7,0,10
BRDA:38,8,0,1
BRDA:38,9,0,9
BRF:10
BRH:10
end_of_record
TN:
SF:server\src\services\memory\remember.ts
FN:31,sanitizeQuestion
FN:45,selectRememberMemory
FN:56,generateRememberQuestion
FN:66,refreshRemember
FNF:4
FNH:4
FNDA:6,sanitizeQuestion
FNDA:8,selectRememberMemory
FNDA:3,generateRememberQuestion
FNDA:5,refreshRemember
DA:1,1
DA:2,1
DA:3,1
DA:4,1
DA:7,1
DA:8,1
DA:13,1
DA:31,1
DA:32,6
DA:33,6
DA:34,6
DA:35,6
DA:45,8
DA:46,8
DA:47,8
DA:48,8
DA:49,8
DA:50,8
DA:51,8
DA:52,8
DA:53,3
DA:54,3
DA:56,3
DA:57,3
DA:58,3
DA:59,3
DA:60,3
DA:61,3
DA:62,3
DA:66,5
DA:67,5
DA:68,5
DA:69,3
DA:70,3
DA:71,3
DA:73,2
DA:74,3
DA:75,1
DA:76,1
DA:77,1
DA:79,1
DA:80,1
DA:81,1
DA:82,1
DA:84,1
DA:85,1
LF:46
LH:46
BRDA:31,0,0,6
BRDA:32,1,0,0
BRDA:45,2,0,8
BRDA:52,3,0,5
BRDA:52,4,0,5
BRDA:52,5,0,3
BRDA:56,6,0,3
BRDA:66,7,0,5
BRDA:68,8,0,3
BRDA:71,9,0,2
BRDA:74,10,0,1
BRF:11
BRH:10
end_of_record
TN:
SF:server\src\services\moderation\break-reminder.ts
FN:4,shouldShowBreakReminder
FNF:1
FNH:1
FNDA:14,shouldShowBreakReminder
DA:1,1
DA:2,1
DA:4,1
DA:5,14
DA:6,14
DA:7,14
DA:8,14
DA:9,14
DA:10,14
DA:12,14
DA:13,4
DA:14,4
DA:15,2
DA:16,2
DA:17,2
DA:18,2
DA:20,14
DA:21,2
DA:22,2
DA:23,14
DA:24,2
DA:25,2
DA:27,6
DA:28,6
LF:24
LH:24
BRDA:4,0,0,14
BRDA:10,1,0,6
BRDA:10,2,0,8
BRDA:12,3,0,4
BRDA:14,4,0,2
BRDA:18,5,0,10
BRDA:20,6,0,4
BRDA:20,7,0,4
BRDA:20,8,0,2
BRDA:22,9,0,8
BRDA:23,10,0,10
BRDA:23,11,0,2
BRDA:25,12,0,6
BRF:13
BRH:13
end_of_record
TN:
SF:server\src\services\moderation\crisis.ts
FN:7,buildCrisisResponse
FNF:1
FNH:1
FNDA:2,buildCrisisResponse
DA:1,1
DA:2,1
DA:3,1
DA:4,1
DA:5,1
DA:7,1
DA:8,2
DA:9,2
DA:18,2
DA:20,1
LF:10
LH:10
BRDA:7,0,0,2
BRF:1
BRH:1
end_of_record
TN:
SF:server\src\services\moderation\deterministic.ts
FN:20,normalizeEncoding
FN:38,isCrisisContent
FN:43,runL0
FNF:3
FNH:3
FNDA:28,normalizeEncoding
FNDA:5,isCrisisContent
FNDA:23,runL0
DA:1,1
DA:2,1
DA:3,1
DA:4,1
DA:5,1
DA:6,1
DA:9,1
DA:10,1
DA:12,1
DA:13,1
DA:14,1
DA:15,1
DA:16,1
DA:17,1
DA:18,1
DA:20,28
DA:21,28
DA:22,28
DA:23,28
DA:24,28
DA:25,28
DA:38,1
DA:39,5
DA:40,5
DA:41,5
DA:43,1
DA:44,23
DA:46,23
DA:47,95
DA:48,10
DA:49,10
DA:50,95
DA:52,23
DA:53,56
DA:56,6
DA:57,6
DA:58,6
DA:59,56
DA:61,7
DA:62,7
LF:40
LH:40
BRDA:20,0,0,28
BRDA:38,1,0,5
BRDA:40,2,0,30
BRDA:43,3,0,23
BRDA:46,4,0,95
BRDA:47,5,0,88
BRDA:47,6,0,10
BRDA:50,7,0,13
BRDA:52,8,0,56
BRDA:53,9,0,51
BRDA:53,10,0,6
BRDA:56,11,0,0
BRDA:59,12,0,7
BRF:13
BRH:12
end_of_record
TN:
SF:server\src\services\moderation\index.ts
FNF:0
FNH:0
DA:1,1
DA:3,1
DA:4,1
DA:5,1
LF:4
LH:4
BRF:0
BRH:0
end_of_record
TN:
SF:server\src\services\moderation\moderation-engine.ts
FN:16,<instance_members_initializer>
FN:20,getGroqApiKey
FN:24,getInputGuardProvider
FN:38,getOutputGuardProvider
FN:51,screenInput
FN:160,screenOutput
FN:203,createModerator
FNF:7
FNH:7
FNDA:1,<instance_members_initializer>
FNDA:22,getGroqApiKey
FNDA:13,getInputGuardProvider
FNDA:9,getOutputGuardProvider
FNDA:16,screenInput
FNDA:6,screenOutput
FNDA:22,createModerator
DA:2,1
DA:3,1
DA:4,1
DA:7,1
DA:8,1
DA:11,1
DA:13,1
DA:15,1
DA:16,1
DA:17,1
DA:20,1
DA:21,22
DA:22,22
DA:24,1
DA:25,13
DA:26,13
DA:27,13
DA:28,0
DA:29,0
DA:30,0
DA:32,0
DA:33,0
DA:34,13
DA:35,13
DA:36,13
DA:38,1
DA:39,9
DA:40,9
DA:41,9
DA:42,0
DA:43,0
DA:44,0
DA:46,0
DA:47,0
DA:48,9
DA:49,9
DA:50,9
DA:51,1
DA:52,16
DA:53,16
DA:54,16
DA:55,1
DA:56,1
DA:57,1
DA:58,1
DA:59,1
DA:60,16
DA:61,1
DA:62,1
DA:63,1
DA:64,1
DA:65,1
DA:66,1
DA:67,1
DA:69,13
DA:70,13
DA:72,13
DA:73,13
DA:74,13
DA:75,13
DA:77,16
DA:78,3
DA:79,3
DA:80,3
DA:81,3
DA:82,3
DA:83,16
DA:85,16
DA:86,4
DA:87,4
DA:88,2
DA:89,2
DA:90,2
DA:91,2
DA:92,2
DA:93,2
DA:94,4
DA:95,0
DA:96,0
DA:97,0
DA:98,0
DA:99,0
DA:100,0
DA:101,2
DA:102,2
DA:103,2
DA:104,2
DA:105,2
DA:106,2
DA:108,6
DA:109,16
DA:110,1
DA:111,1
DA:112,1
DA:113,1
DA:114,1
DA:116,5
DA:117,16
DA:118,1
DA:119,1
DA:120,1
DA:121,1
DA:122,1
DA:123,1
DA:125,4
DA:127,16
DA:128,3
DA:129,1
DA:130,1
DA:131,1
DA:132,1
DA:133,1
DA:134,1
DA:136,2
DA:137,2
DA:138,2
DA:139,2
DA:140,2
DA:141,2
DA:142,2
DA:143,2
DA:144,2
DA:145,2
DA:147,1
DA:148,1
DA:149,1
DA:150,1
DA:151,1
DA:152,1
DA:153,1
DA:154,1
DA:155,1
DA:156,1
DA:157,1
DA:158,16
DA:160,1
DA:161,6
DA:162,6
DA:163,6
DA:164,3
DA:165,3
DA:166,1
DA:167,1
DA:168,1
DA:169,1
DA:170,1
DA:171,1
DA:172,2
DA:173,2
DA:174,2
DA:175,2
DA:176,3
DA:177,3
DA:178,3
DA:179,6
DA:180,1
DA:181,1
DA:182,1
DA:183,1
DA:184,1
DA:185,1
DA:186,1
DA:187,1
DA:188,1
DA:189,1
DA:190,1
DA:191,1
DA:192,1
DA:193,1
DA:194,1
DA:195,1
DA:196,1
DA:197,1
DA:198,6
DA:199,1
DA:201,1
DA:203,1
DA:204,22
DA:205,22
DA:206,22
LF:180
LH:164
BRDA:16,0,0,1
BRDA:20,1,0,22
BRDA:24,2,0,13
BRDA:27,3,0,0
BRDA:38,4,0,9
BRDA:41,5,0,0
BRDA:51,6,0,16
BRDA:54,7,0,1
BRDA:56,8,0,0
BRDA:59,9,0,14
BRDA:60,10,0,1
BRDA:62,11,0,0
BRDA:67,12,0,13
BRDA:77,13,0,3
BRDA:82,14,0,10
BRDA:83,15,0,0
BRDA:83,16,0,10
BRDA:85,17,0,4
BRDA:87,18,0,3
BRDA:87,19,0,2
BRDA:91,20,0,1
BRDA:91,21,0,1
BRDA:94,22,0,0
BRDA:100,23,0,2
BRDA:106,24,0,6
BRDA:109,25,0,1
BRDA:114,26,0,5
BRDA:117,27,0,1
BRDA:123,28,0,4
BRDA:127,29,0,1
BRDA:127,30,0,3
BRDA:128,31,0,1
BRDA:128,32,0,1
BRDA:134,33,0,2
BRDA:145,34,0,1
BRDA:155,35,0,0
BRDA:73,36,0,1
BRDA:74,37,0,1
BRDA:86,38,0,1
BRDA:108,39,0,5
BRDA:116,40,0,4
BRDA:125,41,0,3
BRDA:160,42,0,6
BRDA:162,43,0,5
BRDA:163,44,0,3
BRDA:165,45,0,2
BRDA:165,46,0,1
BRDA:171,47,0,2
BRDA:176,48,0,1
BRDA:176,49,0,1
BRDA:178,50,0,2
BRDA:179,51,0,1
BRDA:195,52,0,0
BRDA:164,53,0,1
BRDA:203,54,0,22
BRDA:204,55,0,1
BRF:56
BRH:48
end_of_record
TN:
SF:server\src\services\moderation\moderator.ts
FN:1,(empty-report)
FNF:1
FNH:0
FNDA:0,(empty-report)
DA:1,0
DA:2,0
DA:3,0
DA:4,0
DA:5,0
DA:6,0
DA:7,0
DA:8,0
DA:9,0
DA:10,0
DA:11,0
DA:12,0
DA:13,0
DA:14,0
DA:15,0
DA:16,0
DA:17,0
DA:18,0
DA:19,0
DA:20,0
DA:21,0
DA:22,0
DA:23,0
DA:24,0
DA:25,0
DA:26,0
DA:27,0
DA:28,0
DA:29,0
DA:30,0
DA:31,0
DA:32,0
DA:33,0
DA:34,0
DA:35,0
DA:36,0
DA:37,0
LF:37
LH:0
BRDA:1,0,0,0
BRF:1
BRH:0
end_of_record
TN:
SF:server\src\services\moderation\openai-omni.ts
FN:19,scoreModeration
FN:58,runL2Input
FN:62,runL3Output
FNF:3
FNH:3
FNDA:10,scoreModeration
FNDA:6,runL2Input
FNDA:4,runL3Output
DA:1,1
DA:2,1
DA:6,1
DA:19,10
DA:20,10
DA:21,10
DA:22,10
DA:23,10
DA:24,10
DA:25,10
DA:26,10
DA:27,0
DA:28,0
DA:31,10
DA:32,10
DA:33,10
DA:34,10
DA:35,10
DA:37,8
DA:38,10
DA:39,0
DA:40,0
DA:42,8
DA:43,8
DA:44,10
DA:45,104
DA:46,104
DA:47,4
DA:48,4
DA:49,104
DA:51,8
DA:52,10
DA:53,2
DA:54,2
DA:55,10
DA:56,10
DA:58,1
DA:59,6
DA:60,6
DA:62,1
DA:63,4
DA:64,4
LF:42
LH:38
BRDA:19,0,0,10
BRDA:23,1,0,10
BRDA:26,2,0,0
BRDA:35,3,0,8
BRDA:38,4,0,0
BRDA:40,5,0,8
BRDA:44,6,0,104
BRDA:46,7,0,4
BRDA:49,8,0,8
BRDA:52,9,0,2
BRDA:53,10,0,0
BRDA:58,11,0,6
BRDA:62,12,0,4
BRF:13
BRH:10
end_of_record
TN:
SF:server\src\services\moderation\prompt-guard.ts
FN:24,parseInjectionProb
FN:55,callPromptGuardModel
FN:83,callFallbackModel
FN:100,runL1
FNF:4
FNH:4
FNDA:13,parseInjectionProb
FNDA:15,callPromptGuardModel
FNDA:4,callFallbackModel
FNDA:15,runL1
DA:1,1
DA:3,1
DA:4,1
DA:6,1
DA:14,1
DA:15,1
DA:17,1
DA:24,13
DA:25,13
DA:28,13
DA:29,13
DA:32,8
DA:33,8
DA:34,13
DA:35,1
DA:36,1
DA:37,1
DA:38,13
DA:40,7
DA:43,7
DA:44,13
DA:45,13
DA:47,1
DA:48,1
DA:55,15
DA:56,15
DA:57,15
DA:58,15
DA:59,3
DA:60,3
DA:61,3
DA:62,12
DA:63,12
DA:64,12
DA:65,12
DA:66,12
DA:67,12
DA:68,12
DA:69,12
DA:70,12
DA:71,12
DA:72,12
DA:73,15
DA:74,15
DA:75,1
DA:76,1
DA:77,1
DA:78,15
DA:83,4
DA:84,4
DA:85,4
DA:86,4
DA:87,4
DA:88,4
DA:91,4
DA:92,4
DA:93,2
DA:94,2
DA:95,2
DA:96,2
DA:97,2
DA:98,4
DA:100,15
DA:101,15
DA:103,15
DA:106,15
DA:107,4
DA:108,4
DA:110,15
DA:111,2
DA:112,2
DA:114,13
DA:117,15
DA:118,1
DA:119,1
DA:120,1
DA:121,1
DA:122,1
DA:123,1
DA:129,15
DA:130,5
DA:131,15
DA:132,0
DA:133,0
DA:134,0
DA:135,0
DA:136,0
DA:137,0
DA:138,15
LF:89
LH:83
BRDA:24,0,0,13
BRDA:29,1,0,5
BRDA:29,2,0,5
BRDA:29,3,0,5
BRDA:29,4,0,8
BRDA:34,5,0,1
BRDA:38,6,0,7
BRDA:44,7,0,6
BRDA:44,8,0,5
BRDA:44,9,0,2
BRDA:44,10,0,5
BRDA:45,11,0,4
BRDA:45,12,0,3
BRDA:45,13,0,1
BRDA:45,14,0,4
BRDA:45,15,0,1
BRDA:55,16,0,15
BRDA:58,17,0,3
BRDA:61,18,0,12
BRDA:72,19,0,11
BRDA:73,20,0,0
BRDA:74,21,0,1
BRDA:83,22,0,4
BRDA:85,23,0,3
BRDA:92,24,0,2
BRDA:100,25,0,15
BRDA:106,26,0,4
BRDA:110,27,0,2
BRDA:112,28,0,13
BRDA:117,29,0,1
BRDA:123,30,0,12
BRDA:129,31,0,7
BRDA:129,32,0,5
BRDA:131,33,0,0
BRF:34
BRH:32
end_of_record
TN:
SF:server\src\services\moderation\safeguard.ts
FN:12,runOutputFallback
FN:52,adjudicate
FNF:2
FNH:2
FNDA:5,runOutputFallback
FNDA:10,adjudicate
DA:2,1
DA:12,5
DA:13,5
DA:14,5
DA:15,5
DA:29,5
DA:30,5
DA:31,5
DA:32,5
DA:34,4
DA:35,4
DA:36,4
DA:37,5
DA:39,2
DA:40,2
DA:41,2
DA:43,5
DA:44,2
DA:45,2
DA:46,2
DA:47,5
DA:48,1
DA:49,1
DA:50,5
DA:52,10
DA:53,10
DA:54,10
DA:55,10
DA:56,10
DA:57,10
DA:58,10
DA:59,10
DA:60,10
DA:89,10
DA:90,10
DA:91,10
DA:92,10
DA:94,9
DA:95,9
DA:96,9
DA:97,10
DA:99,2
DA:100,2
DA:101,2
DA:103,10
DA:104,3
DA:105,3
DA:109,10
DA:110,10
DA:111,10
DA:112,10
DA:113,10
DA:114,2
DA:115,2
DA:116,4
DA:117,10
DA:118,1
DA:119,1
DA:120,10
LF:59
LH:59
BRDA:12,0,0,5
BRDA:14,1,0,0
BRDA:32,2,0,4
BRDA:37,3,0,2
BRDA:40,4,0,1
BRDA:40,5,0,1
BRDA:41,6,0,4
BRDA:43,7,0,2
BRDA:44,8,0,0
BRDA:47,9,0,1
BRDA:48,10,0,0
BRDA:52,11,0,10
BRDA:59,12,0,0
BRDA:91,13,0,9
BRDA:91,14,0,9
BRDA:92,15,0,9
BRDA:97,16,0,2
BRDA:100,17,0,1
BRDA:100,18,0,1
BRDA:101,19,0,9
BRDA:103,20,0,3
BRDA:104,21,0,1
BRDA:105,22,0,6
BRDA:109,23,0,4
BRDA:110,24,0,0
BRDA:113,25,0,5
BRDA:113,26,0,4
BRDA:113,27,0,4
BRDA:113,28,0,4
BRDA:113,29,0,2
BRDA:115,30,0,4
BRDA:117,31,0,1
BRDA:118,32,0,0
BRF:33
BRH:27
end_of_record
TN:
SF:shared\src\index.ts
FNF:0
FNH:0
DA:1,1
DA:3,1
DA:6,1
DA:9,1
DA:12,1
DA:15,1
DA:18,1
DA:21,1
DA:24,1
DA:27,1
DA:30,1
DA:33,1
DA:36,1
DA:39,1
DA:42,1
DA:45,1
DA:48,1
DA:51,1
DA:54,1
DA:57,1
DA:60,1
DA:69,1
DA:70,1
DA:71,1
DA:72,1
DA:73,1
DA:74,1
DA:75,1
DA:76,1
DA:77,1
DA:78,1
DA:79,1
DA:80,1
DA:81,1
DA:82,1
DA:83,1
DA:86,1
DA:88,1
DA:89,1
DA:90,1
DA:91,1
DA:92,1
DA:93,1
DA:94,1
DA:95,1
DA:96,1
DA:97,1
DA:98,1
DA:99,1
DA:100,1
DA:101,1
DA:102,1
DA:104,1
DA:105,1
DA:106,1
DA:107,1
DA:108,1
DA:109,1
DA:110,1
DA:111,1
DA:112,1
DA:113,1
DA:114,1
DA:115,1
DA:116,1
DA:117,1
DA:118,1
DA:120,1
DA:121,1
DA:122,1
DA:123,1
DA:124,1
DA:126,1
DA:127,1
DA:129,1
DA:132,1
DA:133,1
DA:134,1
DA:135,1
DA:136,1
DA:137,1
DA:140,1
DA:141,1
DA:142,1
DA:143,1
DA:144,1
DA:146,1
DA:147,1
DA:148,1
DA:149,1
DA:150,1
DA:152,1
DA:153,1
DA:154,1
DA:155,1
DA:157,1
DA:158,1
DA:159,1
DA:160,1
DA:161,1
DA:162,1
DA:163,1
DA:165,1
DA:167,1
DA:168,1
DA:170,1
DA:171,1
DA:172,1
DA:173,1
DA:175,1
DA:176,1
DA:177,1
DA:178,1
DA:180,1
DA:181,1
DA:182,1
DA:183,1
DA:185,1
DA:186,1
DA:187,1
DA:190,1
DA:191,1
DA:192,1
DA:193,1
DA:197,1
DA:198,1
DA:199,1
DA:202,1
DA:203,1
DA:204,1
DA:205,1
DA:206,1
DA:207,1
DA:208,1
DA:209,1
DA:210,1
DA:211,1
DA:212,1
DA:213,1
DA:214,1
DA:215,1
DA:218,1
DA:219,1
DA:220,1
LF:144
LH:144
BRF:0
BRH:0
end_of_record
